2019-03-04 22:29:40,175 INFO o.a.c.l.i.Jdk14Logger [main] Starting App on augustas-305U1A with PID 29237 (/home/augustas/komandaDu/spring/target/classes started by augustas in /home/augustas/komandaDu/spring)
2019-03-04 22:29:40,191 INFO o.a.c.l.i.Jdk14Logger [main] No active profile set, falling back to default profiles: default
2019-03-04 22:29:40,292 INFO o.a.c.l.i.Jdk14Logger [main] Refreshing org.springframework.boot.web.servlet.context.AnnotationConfigServletWebServerApplicationContext@3acebcbb: startup date [Mon Mar 04 22:29:40 EET 2019]; root of context hierarchy
2019-03-04 22:29:43,049 INFO o.a.c.l.i.Jdk14Logger [main] Bean 'org.springframework.transaction.annotation.ProxyTransactionManagementConfiguration' of type [org.springframework.transaction.annotation.ProxyTransactionManagementConfiguration$$EnhancerBySpringCGLIB$$35a62aee] is not eligible for getting processed by all BeanPostProcessors (for example: not eligible for auto-proxying)
2019-03-04 22:29:43,130 INFO o.a.c.l.i.Jdk14Logger [main] Bean 'org.springframework.security.config.annotation.configuration.ObjectPostProcessorConfiguration' of type [org.springframework.security.config.annotation.configuration.ObjectPostProcessorConfiguration$$EnhancerBySpringCGLIB$$ce53f328] is not eligible for getting processed by all BeanPostProcessors (for example: not eligible for auto-proxying)
2019-03-04 22:29:43,150 INFO o.a.c.l.i.Jdk14Logger [main] Bean 'objectPostProcessor' of type [org.springframework.security.config.annotation.configuration.AutowireBeanFactoryObjectPostProcessor] is not eligible for getting processed by all BeanPostProcessors (for example: not eligible for auto-proxying)
2019-03-04 22:29:43,153 INFO o.a.c.l.i.Jdk14Logger [main] Bean 'org.springframework.security.access.expression.method.DefaultMethodSecurityExpressionHandler@3f702bab' of type [org.springframework.security.access.expression.method.DefaultMethodSecurityExpressionHandler] is not eligible for getting processed by all BeanPostProcessors (for example: not eligible for auto-proxying)
2019-03-04 22:29:43,170 INFO o.a.c.l.i.Jdk14Logger [main] Bean 'org.springframework.security.config.annotation.method.configuration.GlobalMethodSecurityConfiguration' of type [org.springframework.security.config.annotation.method.configuration.GlobalMethodSecurityConfiguration$$EnhancerBySpringCGLIB$$f32895da] is not eligible for getting processed by all BeanPostProcessors (for example: not eligible for auto-proxying)
2019-03-04 22:29:43,187 INFO o.a.c.l.i.Jdk14Logger [main] Bean 'methodSecurityMetadataSource' of type [org.springframework.security.access.method.DelegatingMethodSecurityMetadataSource] is not eligible for getting processed by all BeanPostProcessors (for example: not eligible for auto-proxying)
2019-03-04 22:29:43,875 INFO o.a.c.l.i.Jdk14Logger [main] Tomcat initialized with port(s): 8181 (http)
2019-03-04 22:29:43,902 INFO o.a.j.l.DirectJDKLog [main] Initializing ProtocolHandler ["http-nio-8181"]
2019-03-04 22:29:43,921 INFO o.a.j.l.DirectJDKLog [main] Starting service [Tomcat]
2019-03-04 22:29:43,922 INFO o.a.j.l.DirectJDKLog [main] Starting Servlet Engine: Apache Tomcat/8.5.34
2019-03-04 22:29:43,943 INFO o.a.j.l.DirectJDKLog [localhost-startStop-1] The APR based Apache Tomcat Native library which allows optimal performance in production environments was not found on the java.library.path: [/usr/java/packages/lib/amd64:/usr/lib/x86_64-linux-gnu/jni:/lib/x86_64-linux-gnu:/usr/lib/x86_64-linux-gnu:/usr/lib/jni:/lib:/usr/lib]
2019-03-04 22:29:44,069 INFO o.a.j.l.DirectJDKLog [localhost-startStop-1] Initializing Spring embedded WebApplicationContext
2019-03-04 22:29:44,070 INFO o.a.c.l.i.Jdk14Logger [localhost-startStop-1] Root WebApplicationContext: initialization completed in 3778 ms
2019-03-04 22:29:45,242 INFO o.a.c.l.i.Jdk14Logger [localhost-startStop-1] Mapping filter: 'characterEncodingFilter' to: [/*]
2019-03-04 22:29:45,244 INFO o.a.c.l.i.Jdk14Logger [localhost-startStop-1] Mapping filter: 'webMvcMetricsFilter' to: [/*]
2019-03-04 22:29:45,247 INFO o.a.c.l.i.Jdk14Logger [localhost-startStop-1] Mapping filter: 'hiddenHttpMethodFilter' to: [/*]
2019-03-04 22:29:45,248 INFO o.a.c.l.i.Jdk14Logger [localhost-startStop-1] Mapping filter: 'httpPutFormContentFilter' to: [/*]
2019-03-04 22:29:45,248 INFO o.a.c.l.i.Jdk14Logger [localhost-startStop-1] Mapping filter: 'requestContextFilter' to: [/*]
2019-03-04 22:29:45,250 INFO o.a.c.l.i.Jdk14Logger [localhost-startStop-1] Mapping filter: 'springSecurityFilterChain' to: [/*]
2019-03-04 22:29:45,250 INFO o.a.c.l.i.Jdk14Logger [localhost-startStop-1] Mapping filter: 'httpTraceFilter' to: [/*]
2019-03-04 22:29:45,252 INFO o.a.c.l.i.Jdk14Logger [localhost-startStop-1] Servlet dispatcherServlet mapped to [/]
2019-03-04 22:29:45,254 INFO o.a.c.l.i.Jdk14Logger [localhost-startStop-1] Servlet webServlet mapped to [/console/*]
2019-03-04 22:29:45,472 INFO c.z.h.HikariDataSource [main] HikariPool-1 - Starting...
2019-03-04 22:29:49,089 INFO c.z.h.HikariDataSource [main] HikariPool-1 - Start completed.
2019-03-04 22:29:49,149 INFO o.a.c.l.i.Jdk14Logger [main] Building JPA container EntityManagerFactory for persistence unit 'default'
2019-03-04 22:29:49,179 INFO o.h.j.i.u.LogHelper [main] HHH000204: Processing PersistenceUnitInfo [
	name: default
	...]
2019-03-04 22:29:49,561 INFO o.h.Version [main] HHH000412: Hibernate Core {5.2.17.Final}
2019-03-04 22:29:49,565 INFO o.h.c.Environment [main] HHH000206: hibernate.properties not found
2019-03-04 22:29:49,634 INFO o.h.a.c.r.j.JavaReflectionManager [main] HCANN000001: Hibernate Commons Annotations {5.0.1.Final}
2019-03-04 22:29:49,793 INFO o.h.d.Dialect [main] HHH000400: Using dialect: org.hibernate.dialect.H2Dialect
2019-03-04 22:29:51,145 INFO o.h.h.i.QueryTranslatorFactoryInitiator [main] HHH000397: Using ASTQueryTranslatorFactory
2019-03-04 22:29:51,357 INFO o.a.c.l.i.Jdk14Logger [main] Initialized JPA EntityManagerFactory for persistence unit 'default'
2019-03-04 22:29:52,391 WARN o.s.d.j.r.q.NamedQuery [main] Finder method public abstract java.util.List it.akademija.documents.repository.DocumentRepository.getDocumentsToApprove(java.util.List,org.springframework.data.domain.Pageable) is backed by a NamedQuery but contains a Pageable parameter! Sorting delivered via this Pageable will not be applied!
2019-03-04 22:29:52,406 WARN o.s.d.j.r.q.NamedQuery [main] Finder method public abstract java.util.List it.akademija.documents.repository.DocumentRepository.getDocumentsToApproveByCriteria(java.util.List,org.springframework.data.domain.Pageable,java.lang.String) is backed by a NamedQuery but contains a Pageable parameter! Sorting delivered via this Pageable will not be applied!
2019-03-04 22:29:53,276 INFO o.a.c.l.i.Jdk14Logger [main] Mapped "{[/**]}" onto public java.lang.String it.akademija.LoggingController.index()
2019-03-04 22:29:53,281 INFO o.a.c.l.i.Jdk14Logger [main] Mapped "{[/api/documents/{state}],methods=[GET]}" onto public java.util.Set<it.akademija.documents.service.DocumentServiceObject> it.akademija.documents.controller.DocumentController.getDocumentsByState(it.akademija.documents.DocumentState) throws java.lang.IllegalArgumentException
2019-03-04 22:29:53,284 INFO o.a.c.l.i.Jdk14Logger [main] Mapped "{[/api/documents/{documentIdentifier}/reject],methods=[POST]}" onto public void it.akademija.documents.controller.DocumentController.rejectDocument(java.lang.String,org.springframework.security.core.Authentication,java.lang.String)
2019-03-04 22:29:53,285 INFO o.a.c.l.i.Jdk14Logger [main] Mapped "{[/api/documents/{documentIdentifier}],methods=[DELETE]}" onto public void it.akademija.documents.controller.DocumentController.deleteDocument(java.lang.String)
2019-03-04 22:29:53,287 INFO o.a.c.l.i.Jdk14Logger [main] Mapped "{[/api/documents],methods=[POST]}" onto public it.akademija.files.ResponseTransfer it.akademija.documents.controller.DocumentController.addDocument(org.springframework.security.core.Authentication,it.akademija.documents.controller.CreateDocumentCommand)
2019-03-04 22:29:53,289 INFO o.a.c.l.i.Jdk14Logger [main] Mapped "{[/api/documents/{documentIdentifier}/submit],methods=[POST]}" onto public void it.akademija.documents.controller.DocumentController.submitDocument(java.lang.String)
2019-03-04 22:29:53,290 INFO o.a.c.l.i.Jdk14Logger [main] Mapped "{[/api/documents/{documentIdentifier}/approve],methods=[POST]}" onto public void it.akademija.documents.controller.DocumentController.approveDocument(java.lang.String,org.springframework.security.core.Authentication)
2019-03-04 22:29:53,292 INFO o.a.c.l.i.Jdk14Logger [main] Mapped "{[/api/documents],methods=[GET]}" onto public it.akademija.documents.service.DocumentServiceObject it.akademija.documents.controller.DocumentController.getDocument(java.lang.String)
2019-03-04 22:29:53,297 INFO o.a.c.l.i.Jdk14Logger [main] Mapped "{[/api/document-types],methods=[GET]}" onto public java.util.Set<it.akademija.documents.service.DocumentTypeServiceObject> it.akademija.documents.controller.DocumentTypeController.getDocumentTypes()
2019-03-04 22:29:53,298 INFO o.a.c.l.i.Jdk14Logger [main] Mapped "{[/api/document-types],methods=[PUT]}" onto public void it.akademija.documents.controller.DocumentTypeController.updateDocumentType(java.lang.String,it.akademija.documents.controller.CreateDocumentTypeCommand)
2019-03-04 22:29:53,299 INFO o.a.c.l.i.Jdk14Logger [main] Mapped "{[/api/document-types/{title}],methods=[DELETE]}" onto public void it.akademija.documents.controller.DocumentTypeController.deleteDocumentType(java.lang.String)
2019-03-04 22:29:53,300 INFO o.a.c.l.i.Jdk14Logger [main] Mapped "{[/api/document-types],methods=[POST]}" onto public void it.akademija.documents.controller.DocumentTypeController.createDocumentType(it.akademija.documents.controller.CreateDocumentTypeCommand)
2019-03-04 22:29:53,302 INFO o.a.c.l.i.Jdk14Logger [main] Mapped "{[/api/dummy_data/dummy/{title}],methods=[POST]}" onto public void it.akademija.dummy.DummyControler.augisTestuoja(java.lang.String)
2019-03-04 22:29:53,310 INFO o.a.c.l.i.Jdk14Logger [main] Mapped "{[/api/files/addFileToDocument],methods=[POST]}" onto public org.springframework.http.ResponseEntity<java.lang.String> it.akademija.files.controller.FileController.addFileToDocument(it.akademija.files.service.FileDocumentCommand)
2019-03-04 22:29:53,314 INFO o.a.c.l.i.Jdk14Logger [main] Mapped "{[/api/files/findAllFilesByDocumentIdentifier],methods=[GET]}" onto public java.util.List<java.lang.String> it.akademija.files.controller.FileController.getAllFileIdentifiers(java.lang.String)
2019-03-04 22:29:53,316 INFO o.a.c.l.i.Jdk14Logger [main] Mapped "{[/api/files/download/{identifier}],methods=[GET]}" onto public org.springframework.http.ResponseEntity<org.springframework.core.io.InputStreamResource> it.akademija.files.controller.FileController.downloadFile(java.lang.String) throws java.io.IOException
2019-03-04 22:29:53,317 INFO o.a.c.l.i.Jdk14Logger [main] Mapped "{[/api/files],methods=[POST]}" onto public it.akademija.files.ResponseTransfer it.akademija.files.controller.FileController.uploadNewFile(org.springframework.security.core.Authentication,org.springframework.web.multipart.MultipartFile) throws java.lang.Exception
2019-03-04 22:29:53,319 INFO o.a.c.l.i.Jdk14Logger [main] Mapped "{[/api/files/zip],methods=[GET]}" onto public org.springframework.http.ResponseEntity<org.springframework.core.io.Resource> it.akademija.files.controller.FileController.makeZip(org.springframework.security.core.Authentication) throws java.io.IOException
2019-03-04 22:29:53,323 INFO o.a.c.l.i.Jdk14Logger [main] Mapped "{[/api/statistics/approved-docs],methods=[GET],produces=[application/json]}" onto public java.util.Collection<it.akademija.statistics.repository.Statistics> it.akademija.statistics.controller.StatisticsController.getApprovedDocsStatistics(org.springframework.security.core.Authentication,java.time.LocalDateTime,java.time.LocalDateTime)
2019-03-04 22:29:53,324 INFO o.a.c.l.i.Jdk14Logger [main] Mapped "{[/api/statistics/rejected-docs],methods=[GET],produces=[application/json]}" onto public java.util.Collection<it.akademija.statistics.repository.Statistics> it.akademija.statistics.controller.StatisticsController.getRejectedDocsStatistics(org.springframework.security.core.Authentication,java.time.LocalDateTime,java.time.LocalDateTime)
2019-03-04 22:29:53,327 INFO o.a.c.l.i.Jdk14Logger [main] Mapped "{[/api/statistics/posted-docs],methods=[GET],produces=[application/json]}" onto public java.util.Collection<it.akademija.statistics.repository.Statistics> it.akademija.statistics.controller.StatisticsController.getPostedDocsStatistics(org.springframework.security.core.Authentication,java.time.LocalDateTime,java.time.LocalDateTime)
2019-03-04 22:29:53,329 INFO o.a.c.l.i.Jdk14Logger [main] Mapped "{[/api/statistics/userlist-by-posted-docs],methods=[GET],produces=[application/json]}" onto public java.util.Collection<it.akademija.statistics.repository.Statistics> it.akademija.statistics.controller.StatisticsController.getUserListByPostedDocs(org.springframework.security.core.Authentication)
2019-03-04 22:29:53,339 INFO o.a.c.l.i.Jdk14Logger [main] Mapped "{[/api/users/user/documents],methods=[GET]}" onto public org.springframework.data.domain.Page<it.akademija.documents.service.DocumentServiceObject> it.akademija.users.controller.UserController.getAllUserDocuments(org.springframework.security.core.Authentication,int,int)
2019-03-04 22:29:53,341 INFO o.a.c.l.i.Jdk14Logger [main] Mapped "{[/api/users/user/usergroups],methods=[GET],produces=[application/json]}" onto public java.util.List<it.akademija.users.service.UserGroupServiceObject> it.akademija.users.controller.UserController.getUserGroups(org.springframework.security.core.Authentication)
2019-03-04 22:29:53,342 INFO o.a.c.l.i.Jdk14Logger [main] Mapped "{[/api/users/{username}],methods=[GET],produces=[application/json]}" onto public it.akademija.users.service.UserServiceObject it.akademija.users.controller.UserController.getUserByUsername(java.lang.String)
2019-03-04 22:29:53,344 INFO o.a.c.l.i.Jdk14Logger [main] Mapped "{[/api/users/user/document-types],methods=[GET],produces=[application/json]}" onto public java.util.Set<it.akademija.documents.service.DocumentTypeServiceObject> it.akademija.users.controller.UserController.getUserDocumentTypes(org.springframework.security.core.Authentication)
2019-03-04 22:29:53,345 INFO o.a.c.l.i.Jdk14Logger [main] Mapped "{[/api/users/criteria],methods=[GET],produces=[application/json]}" onto public java.util.Collection<it.akademija.users.service.UserServiceObject> it.akademija.users.controller.UserController.getUserByCriteria(java.lang.String)
2019-03-04 22:29:53,348 INFO o.a.c.l.i.Jdk14Logger [main] Mapped "{[/api/users/whoami],methods=[GET],produces=[application/json]}" onto public it.akademija.users.service.UserServiceObject it.akademija.users.controller.UserController.getCurrentUser(org.springframework.security.core.Authentication)
2019-03-04 22:29:53,349 INFO o.a.c.l.i.Jdk14Logger [main] Mapped "{[/api/users/user/get-documents-to-approve-filtered],methods=[GET]}" onto public org.springframework.data.domain.Page<it.akademija.documents.service.DocumentServiceObject> it.akademija.users.controller.UserController.getDocumentsToApprove(org.springframework.security.core.Authentication,int,int,java.lang.String)
2019-03-04 22:29:53,350 INFO o.a.c.l.i.Jdk14Logger [main] Mapped "{[/api/users/user/get-documents-to-approve],methods=[GET]}" onto public org.springframework.data.domain.Page<it.akademija.documents.service.DocumentServiceObject> it.akademija.users.controller.UserController.getDocumentsToApprove(org.springframework.security.core.Authentication,int,int)
2019-03-04 22:29:53,352 INFO o.a.c.l.i.Jdk14Logger [main] Mapped "{[/api/users],methods=[POST]}" onto public void it.akademija.users.controller.UserController.addNewUser(it.akademija.users.controller.CreateUserCommand)
2019-03-04 22:29:53,353 INFO o.a.c.l.i.Jdk14Logger [main] Mapped "{[/api/users/{username}],methods=[POST]}" onto public void it.akademija.users.controller.UserController.updateUserInformation(java.lang.String,java.lang.String,java.lang.String,javax.servlet.http.HttpServletRequest)
2019-03-04 22:29:53,354 INFO o.a.c.l.i.Jdk14Logger [main] Mapped "{[/api/users/{username}/password],methods=[POST]}" onto public void it.akademija.users.controller.UserController.updateUserPassword(java.lang.String,java.lang.String,javax.servlet.http.HttpServletRequest)
2019-03-04 22:29:53,356 INFO o.a.c.l.i.Jdk14Logger [main] Mapped "{[/api/users/{username}],methods=[DELETE]}" onto public void it.akademija.users.controller.UserController.deleteUser(java.lang.String,javax.servlet.http.HttpServletRequest)
2019-03-04 22:29:53,357 INFO o.a.c.l.i.Jdk14Logger [main] Mapped "{[/api/users/user/documents/{state}],methods=[GET]}" onto public org.springframework.data.domain.Page<it.akademija.documents.service.DocumentServiceObject> it.akademija.users.controller.UserController.getDocuments(org.springframework.security.core.Authentication,it.akademija.documents.DocumentState,int,int) throws java.lang.IllegalArgumentException
2019-03-04 22:29:53,358 INFO o.a.c.l.i.Jdk14Logger [main] Mapped "{[/api/users],methods=[GET]}" onto public java.util.Collection<it.akademija.users.service.UserServiceObject> it.akademija.users.controller.UserController.getAllUsers()
2019-03-04 22:29:53,361 INFO o.a.c.l.i.Jdk14Logger [main] Mapped "{[/api/usergroups/{userGroupTitle}],methods=[POST]}" onto public void it.akademija.users.controller.UserGroupController.updateUserPassword(java.lang.String,java.lang.String)
2019-03-04 22:29:53,362 INFO o.a.c.l.i.Jdk14Logger [main] Mapped "{[/api/usergroups],methods=[GET]}" onto public java.util.Collection<it.akademija.users.service.UserGroupServiceObject> it.akademija.users.controller.UserGroupController.getAllGroups()
2019-03-04 22:29:53,363 INFO o.a.c.l.i.Jdk14Logger [main] Mapped "{[/api/usergroups],methods=[POST]}" onto public void it.akademija.users.controller.UserGroupController.addNewUserGroup(it.akademija.users.controller.CreateUserGroupCommand)
2019-03-04 22:29:53,365 INFO o.a.c.l.i.Jdk14Logger [main] Mapped "{[/api/usergroups/{userGroupTitle}/add-person],methods=[PUT]}" onto public void it.akademija.users.controller.UserGroupController.addGroupToUser(java.lang.String,java.lang.String)
2019-03-04 22:29:53,366 INFO o.a.c.l.i.Jdk14Logger [main] Mapped "{[/api/usergroups/{userGroupTitle}/remove-person],methods=[PUT]}" onto public void it.akademija.users.controller.UserGroupController.removeGroupFromUser(java.lang.String,java.lang.String)
2019-03-04 22:29:53,368 INFO o.a.c.l.i.Jdk14Logger [main] Mapped "{[/api/usergroups/suspend-user],methods=[PUT]}" onto public void it.akademija.users.controller.UserGroupController.suspendUser(java.lang.String)
2019-03-04 22:29:53,371 INFO o.a.c.l.i.Jdk14Logger [main] Mapped "{[/api/usergroups/{userGroupTitle}/add-document-type-to-upload],methods=[PUT]}" onto public void it.akademija.users.controller.UserGroupController.addDocumentTypeToUpload(java.lang.String,java.lang.String)
2019-03-04 22:29:53,372 INFO o.a.c.l.i.Jdk14Logger [main] Mapped "{[/api/usergroups/{userGroupTitle}/add-document-type-to-approve],methods=[PUT]}" onto public void it.akademija.users.controller.UserGroupController.addDocumentTypeToApprove(java.lang.String,java.lang.String)
2019-03-04 22:29:53,373 INFO o.a.c.l.i.Jdk14Logger [main] Mapped "{[/api/usergroups/{userGroupTitle}/remove-document-type-to-upload],methods=[PUT]}" onto public void it.akademija.users.controller.UserGroupController.removeDocumentTypeToUpload(java.lang.String,java.lang.String)
2019-03-04 22:29:53,374 INFO o.a.c.l.i.Jdk14Logger [main] Mapped "{[/api/usergroups/{userGroupTitle}/remove-document-type-to-approve],methods=[PUT]}" onto public void it.akademija.users.controller.UserGroupController.removeDocumentTypeToApprove(java.lang.String,java.lang.String)
2019-03-04 22:29:53,375 INFO o.a.c.l.i.Jdk14Logger [main] Mapped "{[/api/usergroups/{userGroupTitle}],methods=[DELETE]}" onto public void it.akademija.users.controller.UserGroupController.deleteGroup(java.lang.String)
2019-03-04 22:29:53,379 INFO o.a.c.l.i.Jdk14Logger [main] Mapped "{[/swagger-resources/configuration/security]}" onto public org.springframework.http.ResponseEntity<springfox.documentation.swagger.web.SecurityConfiguration> springfox.documentation.swagger.web.ApiResourceController.securityConfiguration()
2019-03-04 22:29:53,383 INFO o.a.c.l.i.Jdk14Logger [main] Mapped "{[/swagger-resources/configuration/ui]}" onto public org.springframework.http.ResponseEntity<springfox.documentation.swagger.web.UiConfiguration> springfox.documentation.swagger.web.ApiResourceController.uiConfiguration()
2019-03-04 22:29:53,384 INFO o.a.c.l.i.Jdk14Logger [main] Mapped "{[/swagger-resources]}" onto public org.springframework.http.ResponseEntity<java.util.List<springfox.documentation.swagger.web.SwaggerResource>> springfox.documentation.swagger.web.ApiResourceController.swaggerResources()
2019-03-04 22:29:53,390 INFO o.a.c.l.i.Jdk14Logger [main] Mapped "{[/error],produces=[text/html]}" onto public org.springframework.web.servlet.ModelAndView org.springframework.boot.autoconfigure.web.servlet.error.BasicErrorController.errorHtml(javax.servlet.http.HttpServletRequest,javax.servlet.http.HttpServletResponse)
2019-03-04 22:29:53,391 INFO o.a.c.l.i.Jdk14Logger [main] Mapped "{[/error]}" onto public org.springframework.http.ResponseEntity<java.util.Map<java.lang.String, java.lang.Object>> org.springframework.boot.autoconfigure.web.servlet.error.BasicErrorController.error(javax.servlet.http.HttpServletRequest)
2019-03-04 22:29:53,521 INFO o.a.c.l.i.Jdk14Logger [main] Exposing 2 endpoint(s) beneath base path '/actuator'
2019-03-04 22:29:53,541 INFO o.a.c.l.i.Jdk14Logger [main] Mapped "{[/actuator/health],methods=[GET],produces=[application/vnd.spring-boot.actuator.v2+json || application/json]}" onto public java.lang.Object org.springframework.boot.actuate.endpoint.web.servlet.AbstractWebMvcEndpointHandlerMapping$OperationHandler.handle(javax.servlet.http.HttpServletRequest,java.util.Map<java.lang.String, java.lang.String>)
2019-03-04 22:29:53,543 INFO o.a.c.l.i.Jdk14Logger [main] Mapped "{[/actuator/info],methods=[GET],produces=[application/vnd.spring-boot.actuator.v2+json || application/json]}" onto public java.lang.Object org.springframework.boot.actuate.endpoint.web.servlet.AbstractWebMvcEndpointHandlerMapping$OperationHandler.handle(javax.servlet.http.HttpServletRequest,java.util.Map<java.lang.String, java.lang.String>)
2019-03-04 22:29:53,545 INFO o.a.c.l.i.Jdk14Logger [main] Mapped "{[/actuator],methods=[GET],produces=[application/vnd.spring-boot.actuator.v2+json || application/json]}" onto protected java.util.Map<java.lang.String, java.util.Map<java.lang.String, org.springframework.boot.actuate.endpoint.web.Link>> org.springframework.boot.actuate.endpoint.web.servlet.WebMvcEndpointHandlerMapping.links(javax.servlet.http.HttpServletRequest,javax.servlet.http.HttpServletResponse)
2019-03-04 22:29:53,921 INFO o.a.c.l.i.Jdk14Logger [main] Creating filter chain: org.springframework.security.web.util.matcher.AnyRequestMatcher@1, [org.springframework.security.web.context.request.async.WebAsyncManagerIntegrationFilter@21c9261f, org.springframework.security.web.context.SecurityContextPersistenceFilter@1f44c1b1, org.springframework.security.web.authentication.logout.LogoutFilter@15129b6e, org.springframework.security.web.authentication.UsernamePasswordAuthenticationFilter@125cefe1, org.springframework.security.web.savedrequest.RequestCacheAwareFilter@79ec9c03, org.springframework.security.web.servletapi.SecurityContextHolderAwareRequestFilter@47076732, org.springframework.security.web.authentication.AnonymousAuthenticationFilter@3fe6bc63, org.springframework.security.web.session.SessionManagementFilter@2bb878dd, org.springframework.security.web.access.ExceptionTranslationFilter@db0445f, org.springframework.security.web.access.intercept.FilterSecurityInterceptor@3b086685]
2019-03-04 22:29:53,985 INFO o.a.c.l.i.Jdk14Logger [main] Mapped URL path [/v2/api-docs] onto method [public org.springframework.http.ResponseEntity<springfox.documentation.spring.web.json.Json> springfox.documentation.swagger2.web.Swagger2Controller.getDocumentation(java.lang.String,javax.servlet.http.HttpServletRequest)]
2019-03-04 22:29:54,089 INFO o.a.c.l.i.Jdk14Logger [main] Mapped URL path [/**/favicon.ico] onto handler of type [class org.springframework.web.servlet.resource.ResourceHttpRequestHandler]
2019-03-04 22:29:54,339 INFO o.a.c.l.i.Jdk14Logger [main] Looking for @ControllerAdvice: org.springframework.boot.web.servlet.context.AnnotationConfigServletWebServerApplicationContext@3acebcbb: startup date [Mon Mar 04 22:29:40 EET 2019]; root of context hierarchy
2019-03-04 22:29:54,440 INFO o.a.c.l.i.Jdk14Logger [main] Mapped URL path [/webjars/**] onto handler of type [class org.springframework.web.servlet.resource.ResourceHttpRequestHandler]
2019-03-04 22:29:54,441 INFO o.a.c.l.i.Jdk14Logger [main] Mapped URL path [/**] onto handler of type [class org.springframework.web.servlet.resource.ResourceHttpRequestHandler]
2019-03-04 22:29:55,168 INFO o.a.c.l.i.Jdk14Logger [main] Registering beans for JMX exposure on startup
2019-03-04 22:29:55,173 INFO o.a.c.l.i.Jdk14Logger [main] Bean with name 'dataSource' has been autodetected for JMX exposure
2019-03-04 22:29:55,188 INFO o.a.c.l.i.Jdk14Logger [main] Located MBean 'dataSource': registering with JMX server as MBean [com.zaxxer.hikari:name=dataSource,type=HikariDataSource]
2019-03-04 22:29:55,200 INFO o.a.c.l.i.Jdk14Logger [main] Starting beans in phase 2147483647
2019-03-04 22:29:55,201 INFO s.d.s.w.p.DocumentationPluginsBootstrapper [main] Context refreshed
2019-03-04 22:29:55,244 INFO s.d.s.w.p.DocumentationPluginsBootstrapper [main] Found 1 custom documentation plugin(s)
2019-03-04 22:29:55,334 INFO s.d.s.w.s.ApiListingReferenceScanner [main] Scanning for api listing references
2019-03-04 22:29:55,820 INFO s.d.s.w.r.o.CachingOperationNameGenerator [main] Generating unique operation named: getDocumentsToApproveUsingGET_1
2019-03-04 22:29:55,875 INFO s.d.s.w.r.o.CachingOperationNameGenerator [main] Generating unique operation named: updateUserPasswordUsingPOST_1
2019-03-04 22:29:55,906 INFO o.a.j.l.DirectJDKLog [main] Starting ProtocolHandler ["http-nio-8181"]
2019-03-04 22:29:55,915 INFO o.a.j.l.DirectJDKLog [main] Using a shared selector for servlet write/read
2019-03-04 22:29:55,946 INFO o.a.c.l.i.Jdk14Logger [main] Tomcat started on port(s): 8181 (http) with context path ''
2019-03-04 22:29:55,951 INFO o.a.c.l.i.Jdk14Logger [main] Started App in 17.179 seconds (JVM running for 29.476)
2019-03-04 22:30:19,225 INFO o.a.j.l.DirectJDKLog [http-nio-8181-exec-1] Initializing Spring FrameworkServlet 'dispatcherServlet'
2019-03-04 22:30:19,227 INFO o.a.c.l.i.Jdk14Logger [http-nio-8181-exec-1] FrameworkServlet 'dispatcherServlet': initialization started
2019-03-04 22:30:19,260 INFO o.a.c.l.i.Jdk14Logger [http-nio-8181-exec-1] FrameworkServlet 'dispatcherServlet': initialization completed in 31 ms
2019-03-04 22:30:23,452 INFO i.a.u.s.UserService [http-nio-8181-exec-4] getAllUserDocuments
2019-03-04 22:30:25,242 INFO i.a.u.s.UserService [http-nio-8181-exec-5] getAllUserDocuments
2019-03-04 22:30:26,435 INFO i.a.u.s.UserService [http-nio-8181-exec-7] getDocumentsToApprove
2019-03-04 22:30:35,512 INFO i.a.u.s.UserService [http-nio-8181-exec-3] getAllUserDocuments
2019-03-04 22:30:37,547 INFO i.a.u.s.UserService [http-nio-8181-exec-4] getDocumentsToApprove
2019-03-04 22:30:52,169 INFO i.a.u.s.UserService [http-nio-8181-exec-5] getAllUserDocuments
2019-03-04 22:30:54,118 INFO i.a.u.s.UserService [http-nio-8181-exec-7] getAllUserDocuments
2019-03-04 22:31:00,081 INFO i.a.LoggingController [http-nio-8181-exec-4] An INFO Message
2019-03-04 22:31:00,085 WARN i.a.LoggingController [http-nio-8181-exec-4] A WARN Message
2019-03-04 22:31:00,086 ERROR i.a.LoggingController [http-nio-8181-exec-4] An ERROR Message
2019-03-04 22:32:41,703 INFO o.a.c.l.i.Jdk14Logger [Thread-7] Closing org.springframework.boot.web.servlet.context.AnnotationConfigServletWebServerApplicationContext@3acebcbb: startup date [Mon Mar 04 22:29:40 EET 2019]; root of context hierarchy
2019-03-04 22:32:41,736 INFO c.z.h.HikariDataSource [Thread-7] HikariPool-1 - Shutdown initiated...
2019-03-04 22:32:41,745 INFO c.z.h.HikariDataSource [Thread-7] HikariPool-1 - Shutdown completed.
